<?xml version="1.0" encoding="UTF-8"?>
<!-- Generated by org.testng.reporters.JUnitReportReporter -->
<testsuite hostname="Savitra" failures="0" tests="3" name="testcases.NavigateToDevicesTest" time="29.235" errors="0" timestamp="2024-05-06T22:51:50 IST" skipped="0">
  <testcase classname="testcases.NavigateToDevicesTest" name="verifyDirigeraHubFunctionality" time="12.364"/>
  <system-out/>
  <testcase classname="testcases.NavigateToDevicesTest" name="verifyConnectionSetup" time="11.702"/>
  <system-out/>
  <testcase classname="testcases.NavigateToDevicesTest" name="verifyLookingforNearbyHubFunctionality" time="5.169"/>
  <system-out/>
</testsuite> <!-- testcases.NavigateToDevicesTest -->
