<?xml version="1.0" encoding="UTF-8"?>
<!-- Generated by org.testng.reporters.JUnitReportReporter -->
<testsuite hostname="Savitra" failures="0" tests="2" name="testcases.LandingPageTest" time="5.330" errors="0" timestamp="2024-05-06T22:51:50 IST" skipped="0">
  <testcase classname="testcases.LandingPageTest" name="verifyLandingPage" time="3.034"/>
  <system-out/>
  <testcase classname="testcases.LandingPageTest" name="verifyGetStarted" time="2.296"/>
  <system-out/>
</testsuite> <!-- testcases.LandingPageTest -->
