<?xml version="1.0" encoding="UTF-8"?>
<!-- Generated by org.testng.reporters.JUnitReportReporter -->
<testsuite hostname="Savitra" failures="0" tests="4" name="testcases.LandingtoHomepageTest" time="47.412" errors="0" timestamp="2024-05-06T22:51:50 IST" skipped="0">
  <testcase classname="testcases.LandingtoHomepageTest" name="verifyRegionChangeFunctionality" time="13.423"/>
  <system-out/>
  <testcase classname="testcases.LandingtoHomepageTest" name="verifyPrivacyFunctionality" time="16.476"/>
  <system-out/>
  <testcase classname="testcases.LandingtoHomepageTest" name="verifyConsentFunctionality" time="5.580"/>
  <system-out/>
  <testcase classname="testcases.LandingtoHomepageTest" name="verifyTermsConditions" time="11.933"/>
  <system-out/>
</testsuite> <!-- testcases.LandingtoHomepageTest -->
