<?xml version="1.0" encoding="UTF-8"?>
<!-- Generated by org.testng.reporters.JUnitReportReporter -->
<testsuite hostname="Savitra" failures="0" tests="2" name="testcases.LoginPageTest" time="0.036" errors="0" timestamp="2024-05-05T22:33:59 IST" skipped="0">
  <testcase classname="testcases.LoginPageTest" name="verifyLogin" time="0.010"/>
  <system-out/>
  <testcase classname="testcases.LoginPageTest" name="verifyEmailFiledPresence" time="0.026"/>
  <system-out/>
</testsuite> <!-- testcases.LoginPageTest -->
